<?xml version="1.0" encoding="UTF-8"?>
<!-- Generated by org.testng.reporters.JUnitReportReporter -->
<testsuite skipped="0" hostname="NSSSKKISHORE-PC" name="exe.exec1" tests="1" failures="0" timestamp="22 Mar 2018 12:06:15 GMT" time="17.417" errors="0">
  <testcase name="main" time="17.417" classname="exe.exec1"/>
</testsuite> <!-- exe.exec1 -->
